[2025-04-25 15:49:29] [INFO] [history] Historique sauvegardé avec succès.
[2025-04-25 15:49:29] [INFO] [history] Action enregistrée : Copie, source : C:\Users\Medessi Cvi\Desktop\Expo, destination : None
[2025-04-25 15:49:29] [INFO] [main] Début de l'organisation du dossier: C:\Users\Medessi Cvi\Desktop\Expo
[2025-04-25 15:49:29] [INFO] [main] Classification par type...
[2025-04-25 15:49:29] [INFO] [history] Historique sauvegardé avec succès.
[2025-04-25 15:49:29] [INFO] [history] Action enregistrée : Déplacement, source : C:\Users\Medessi Cvi\Desktop\Expo\Blue and Whi - Copie.pdf, destination : C:\Users\Medessi Cvi\Desktop\Expo\Documents\Blue and Whi - Copie.pdf
[2025-04-25 15:49:29] [INFO] [organizer] Déplacé: Blue and Whi - Copie.pdf → Documents/Blue and Whi - Copie.pdf
[2025-04-25 15:49:29] [INFO] [history] Historique sauvegardé avec succès.
[2025-04-25 15:49:29] [INFO] [history] Action enregistrée : Déplacement, source : C:\Users\Medessi Cvi\Desktop\Expo\Blue and White Professional Modern Business Report Cover Page - Copie (2).pdf, destination : C:\Users\Medessi Cvi\Desktop\Expo\Documents\Blue and White Professional Modern Business Report Cover Page - Copie (2).pdf
[2025-04-25 15:49:29] [INFO] [organizer] Déplacé: Blue and White Professional Modern Business Report Cover Page - Copie (2).pdf → Documents/Blue and White Professional Modern Business Report Cover Page - Copie (2).pdf
[2025-04-25 15:49:29] [INFO] [history] Historique sauvegardé avec succès.
[2025-04-25 15:49:29] [INFO] [history] Action enregistrée : Déplacement, source : C:\Users\Medessi Cvi\Desktop\Expo\CONCLUSIO2.docx, destination : C:\Users\Medessi Cvi\Desktop\Expo\Documents\CONCLUSIO2.docx
[2025-04-25 15:49:29] [INFO] [organizer] Déplacé: CONCLUSIO2.docx → Documents/CONCLUSIO2.docx
[2025-04-25 15:49:29] [INFO] [history] Historique sauvegardé avec succès.
[2025-04-25 15:49:30] [INFO] [history] Action enregistrée : Déplacement, source : C:\Users\Medessi Cvi\Desktop\Expo\CONCLUSIO2.pdf, destination : C:\Users\Medessi Cvi\Desktop\Expo\Documents\CONCLUSIO2.pdf
[2025-04-25 15:49:30] [INFO] [organizer] Déplacé: CONCLUSIO2.pdf → Documents/CONCLUSIO2.pdf
[2025-04-25 15:49:30] [INFO] [history] Historique sauvegardé avec succès.
[2025-04-25 15:49:30] [INFO] [history] Action enregistrée : Déplacement, source : C:\Users\Medessi Cvi\Desktop\Expo\CONCLUSION.pdf, destination : C:\Users\Medessi Cvi\Desktop\Expo\Documents\CONCLUSION.pdf
[2025-04-25 15:49:30] [INFO] [organizer] Déplacé: CONCLUSION.pdf → Documents/CONCLUSION.pdf
[2025-04-25 15:49:30] [INFO] [history] Historique sauvegardé avec succès.
[2025-04-25 15:49:30] [INFO] [history] Action enregistrée : Déplacement, source : C:\Users\Medessi Cvi\Desktop\Expo\Doc4.pdf, destination : C:\Users\Medessi Cvi\Desktop\Expo\Documents\Doc4.pdf
[2025-04-25 15:49:30] [INFO] [organizer] Déplacé: Doc4.pdf → Documents/Doc4.pdf
[2025-04-25 15:49:30] [INFO] [history] Historique sauvegardé avec succès.
[2025-04-25 15:49:30] [INFO] [history] Action enregistrée : Déplacement, source : C:\Users\Medessi Cvi\Desktop\Expo\Généralité sur l.docx, destination : C:\Users\Medessi Cvi\Desktop\Expo\Documents\Généralité sur l.docx
[2025-04-25 15:49:30] [INFO] [organizer] Déplacé: Généralité sur l.docx → Documents/Généralité sur l.docx
[2025-04-25 15:49:30] [INFO] [history] Historique sauvegardé avec succès.
[2025-04-25 15:49:30] [INFO] [history] Action enregistrée : Déplacement, source : C:\Users\Medessi Cvi\Desktop\Expo\I.pdf, destination : C:\Users\Medessi Cvi\Desktop\Expo\Documents\I.pdf
[2025-04-25 15:49:30] [INFO] [organizer] Déplacé: I.pdf → Documents/I.pdf
[2025-04-25 15:49:30] [INFO] [history] Historique sauvegardé avec succès.
[2025-04-25 15:49:30] [INFO] [history] Action enregistrée : Déplacement, source : C:\Users\Medessi Cvi\Desktop\Expo\III.docx, destination : C:\Users\Medessi Cvi\Desktop\Expo\Documents\III.docx
[2025-04-25 15:49:30] [INFO] [organizer] Déplacé: III.docx → Documents/III.docx
[2025-04-25 15:49:30] [INFO] [history] Historique sauvegardé avec succès.
[2025-04-25 15:49:30] [INFO] [history] Action enregistrée : Déplacement, source : C:\Users\Medessi Cvi\Desktop\Expo\INTRODUCTIO1.pdf, destination : C:\Users\Medessi Cvi\Desktop\Expo\Documents\INTRODUCTIO1.pdf
[2025-04-25 15:49:30] [INFO] [organizer] Déplacé: INTRODUCTIO1.pdf → Documents/INTRODUCTIO1.pdf
[2025-04-25 15:49:30] [INFO] [history] Historique sauvegardé avec succès.
[2025-04-25 15:49:30] [INFO] [history] Action enregistrée : Déplacement, source : C:\Users\Medessi Cvi\Desktop\Expo\INTRODUCTION.docx, destination : C:\Users\Medessi Cvi\Desktop\Expo\Documents\INTRODUCTION.docx
[2025-04-25 15:49:30] [INFO] [organizer] Déplacé: INTRODUCTION.docx → Documents/INTRODUCTION.docx
[2025-04-25 15:49:30] [INFO] [history] Historique sauvegardé avec succès.
[2025-04-25 15:49:30] [INFO] [history] Action enregistrée : Déplacement, source : C:\Users\Medessi Cvi\Desktop\Expo\INTRODUCTION.pdf, destination : C:\Users\Medessi Cvi\Desktop\Expo\Documents\INTRODUCTION.pdf
[2025-04-25 15:49:30] [INFO] [organizer] Déplacé: INTRODUCTION.pdf → Documents/INTRODUCTION.pdf
[2025-04-25 15:49:30] [INFO] [history] Historique sauvegardé avec succès.
[2025-04-25 15:49:30] [INFO] [history] Action enregistrée : Déplacement, source : C:\Users\Medessi Cvi\Desktop\Expo\Le respect des critères d.docx, destination : C:\Users\Medessi Cvi\Desktop\Expo\Documents\Le respect des critères d.docx
[2025-04-25 15:49:30] [INFO] [organizer] Déplacé: Le respect des critères d.docx → Documents/Le respect des critères d.docx
[2025-04-25 15:49:30] [INFO] [history] Historique sauvegardé avec succès.
[2025-04-25 15:49:30] [INFO] [history] Action enregistrée : Déplacement, source : C:\Users\Medessi Cvi\Desktop\Expo\LES IST.pdf, destination : C:\Users\Medessi Cvi\Desktop\Expo\Documents\LES IST.pdf
[2025-04-25 15:49:30] [INFO] [organizer] Déplacé: LES IST.pdf → Documents/LES IST.pdf
[2025-04-25 15:49:30] [INFO] [history] Historique sauvegardé avec succès.
[2025-04-25 15:49:30] [INFO] [history] Action enregistrée : Déplacement, source : C:\Users\Medessi Cvi\Desktop\Expo\Origine de la terre expo - Copie.pdf, destination : C:\Users\Medessi Cvi\Desktop\Expo\Documents\Origine de la terre expo - Copie.pdf
[2025-04-25 15:49:30] [INFO] [organizer] Déplacé: Origine de la terre expo - Copie.pdf → Documents/Origine de la terre expo - Copie.pdf
[2025-04-25 15:49:30] [INFO] [history] Historique sauvegardé avec succès.
[2025-04-25 15:49:30] [INFO] [history] Action enregistrée : Déplacement, source : C:\Users\Medessi Cvi\Desktop\Expo\Origine de la terre expo.docx, destination : C:\Users\Medessi Cvi\Desktop\Expo\Documents\Origine de la terre expo.docx
[2025-04-25 15:49:30] [INFO] [organizer] Déplacé: Origine de la terre expo.docx → Documents/Origine de la terre expo.docx
[2025-04-25 15:49:30] [INFO] [history] Historique sauvegardé avec succès.
[2025-04-25 15:49:30] [INFO] [history] Action enregistrée : Déplacement, source : C:\Users\Medessi Cvi\Desktop\Expo\Origine de la terre selon la science.docx, destination : C:\Users\Medessi Cvi\Desktop\Expo\Documents\Origine de la terre selon la science.docx
[2025-04-25 15:49:30] [INFO] [organizer] Déplacé: Origine de la terre selon la science.docx → Documents/Origine de la terre selon la science.docx
[2025-04-25 15:49:30] [INFO] [history] Historique sauvegardé avec succès.
[2025-04-25 15:49:30] [INFO] [history] Action enregistrée : Déplacement, source : C:\Users\Medessi Cvi\Desktop\Expo\Page de garde.docx, destination : C:\Users\Medessi Cvi\Desktop\Expo\Documents\Page de garde.docx
[2025-04-25 15:49:30] [INFO] [organizer] Déplacé: Page de garde.docx → Documents/Page de garde.docx
[2025-04-25 15:49:30] [INFO] [history] Historique sauvegardé avec succès.
[2025-04-25 15:49:30] [INFO] [history] Action enregistrée : Déplacement, source : C:\Users\Medessi Cvi\Desktop\Expo\Page de garde.pdf, destination : C:\Users\Medessi Cvi\Desktop\Expo\Documents\Page de garde.pdf
[2025-04-25 15:49:30] [INFO] [organizer] Déplacé: Page de garde.pdf → Documents/Page de garde.pdf
[2025-04-25 15:49:30] [INFO] [history] Historique sauvegardé avec succès.
[2025-04-25 15:49:30] [INFO] [history] Action enregistrée : Déplacement, source : C:\Users\Medessi Cvi\Desktop\Expo\Plan Structuré et Professionnel.pdf, destination : C:\Users\Medessi Cvi\Desktop\Expo\Documents\Plan Structuré et Professionnel.pdf
[2025-04-25 15:49:30] [INFO] [organizer] Déplacé: Plan Structuré et Professionnel.pdf → Documents/Plan Structuré et Professionnel.pdf
[2025-04-25 15:49:30] [INFO] [history] Historique sauvegardé avec succès.
[2025-04-25 15:49:30] [INFO] [history] Action enregistrée : Déplacement, source : C:\Users\Medessi Cvi\Desktop\Expo\PLAN.docx, destination : C:\Users\Medessi Cvi\Desktop\Expo\Documents\PLAN.docx
[2025-04-25 15:49:30] [INFO] [organizer] Déplacé: PLAN.docx → Documents/PLAN.docx
[2025-04-25 15:49:30] [INFO] [history] Historique sauvegardé avec succès.
[2025-04-25 15:49:30] [INFO] [history] Action enregistrée : Déplacement, source : C:\Users\Medessi Cvi\Desktop\Expo\PLAN.pdf, destination : C:\Users\Medessi Cvi\Desktop\Expo\Documents\PLAN.pdf
[2025-04-25 15:49:30] [INFO] [organizer] Déplacé: PLAN.pdf → Documents/PLAN.pdf
[2025-04-25 15:49:30] [INFO] [history] Historique sauvegardé avec succès.
[2025-04-25 15:49:30] [INFO] [history] Action enregistrée : Déplacement, source : C:\Users\Medessi Cvi\Desktop\Expo\PLAN3.docx, destination : C:\Users\Medessi Cvi\Desktop\Expo\Documents\PLAN3.docx
[2025-04-25 15:49:30] [INFO] [organizer] Déplacé: PLAN3.docx → Documents/PLAN3.docx
[2025-04-25 15:49:30] [INFO] [history] Historique sauvegardé avec succès.
[2025-04-25 15:49:30] [INFO] [history] Action enregistrée : Déplacement, source : C:\Users\Medessi Cvi\Desktop\Expo\VI.pdf, destination : C:\Users\Medessi Cvi\Desktop\Expo\Documents\VI.pdf
[2025-04-25 15:49:30] [INFO] [organizer] Déplacé: VI.pdf → Documents/VI.pdf
[2025-04-25 15:49:30] [INFO] [main] 24 fichiers traités par type
[2025-04-25 15:49:30] [INFO] [main] Organisation terminée!
[2025-04-25 17:15:02] [INFO] [history] Historique sauvegardé avec succès.
[2025-04-25 17:15:02] [INFO] [history] Action enregistrée : Copie, source : C:\Users\Medessi Cvi\Desktop\Expo, destination : None
[2025-04-25 17:15:45] [INFO] [history] Historique sauvegardé avec succès.
[2025-04-25 17:15:45] [INFO] [history] Action enregistrée : Copie, source : C:\Users\Medessi Cvi\Desktop\Expo, destination : None
[2025-04-25 18:00:49] [INFO] [history] Historique sauvegardé avec succès.
[2025-04-25 18:00:49] [INFO] [history] Action enregistrée : Déplacement, source : C:/Users/Medessi Cvi/Desktop/Expo\Blue and Whi - Copie.pdf, destination : C:/Users/Medessi Cvi/Desktop/Expo\Documents\Blue and Whi - Copie.pdf
[2025-04-25 18:00:49] [INFO] [organizer] Déplacé: Blue and Whi - Copie.pdf → Documents/Blue and Whi - Copie.pdf
[2025-04-25 18:00:49] [INFO] [history] Historique sauvegardé avec succès.
[2025-04-25 18:00:49] [INFO] [history] Action enregistrée : Déplacement, source : C:/Users/Medessi Cvi/Desktop/Expo\Blue and White Professional Modern Business Report Cover Page - Copie (2).pdf, destination : C:/Users/Medessi Cvi/Desktop/Expo\Documents\Blue and White Professional Modern Business Report Cover Page - Copie (2).pdf
[2025-04-25 18:00:49] [INFO] [organizer] Déplacé: Blue and White Professional Modern Business Report Cover Page - Copie (2).pdf → Documents/Blue and White Professional Modern Business Report Cover Page - Copie (2).pdf
[2025-04-25 18:00:49] [INFO] [history] Historique sauvegardé avec succès.
[2025-04-25 18:00:49] [INFO] [history] Action enregistrée : Déplacement, source : C:/Users/Medessi Cvi/Desktop/Expo\CONCLUSIO2.docx, destination : C:/Users/Medessi Cvi/Desktop/Expo\Documents\CONCLUSIO2.docx
[2025-04-25 18:00:49] [INFO] [organizer] Déplacé: CONCLUSIO2.docx → Documents/CONCLUSIO2.docx
[2025-04-25 18:00:49] [INFO] [history] Historique sauvegardé avec succès.
[2025-04-25 18:00:49] [INFO] [history] Action enregistrée : Déplacement, source : C:/Users/Medessi Cvi/Desktop/Expo\CONCLUSIO2.pdf, destination : C:/Users/Medessi Cvi/Desktop/Expo\Documents\CONCLUSIO2.pdf
[2025-04-25 18:00:49] [INFO] [organizer] Déplacé: CONCLUSIO2.pdf → Documents/CONCLUSIO2.pdf
[2025-04-25 18:00:49] [INFO] [history] Historique sauvegardé avec succès.
[2025-04-25 18:00:49] [INFO] [history] Action enregistrée : Déplacement, source : C:/Users/Medessi Cvi/Desktop/Expo\CONCLUSION.pdf, destination : C:/Users/Medessi Cvi/Desktop/Expo\Documents\CONCLUSION.pdf
[2025-04-25 18:00:49] [INFO] [organizer] Déplacé: CONCLUSION.pdf → Documents/CONCLUSION.pdf
[2025-04-25 18:00:49] [INFO] [history] Historique sauvegardé avec succès.
[2025-04-25 18:00:49] [INFO] [history] Action enregistrée : Déplacement, source : C:/Users/Medessi Cvi/Desktop/Expo\Doc4.pdf, destination : C:/Users/Medessi Cvi/Desktop/Expo\Documents\Doc4.pdf
[2025-04-25 18:00:49] [INFO] [organizer] Déplacé: Doc4.pdf → Documents/Doc4.pdf
[2025-04-25 18:00:49] [INFO] [history] Historique sauvegardé avec succès.
[2025-04-25 18:00:49] [INFO] [history] Action enregistrée : Déplacement, source : C:/Users/Medessi Cvi/Desktop/Expo\Généralité sur l.docx, destination : C:/Users/Medessi Cvi/Desktop/Expo\Documents\Généralité sur l.docx
[2025-04-25 18:00:49] [INFO] [organizer] Déplacé: Généralité sur l.docx → Documents/Généralité sur l.docx
[2025-04-25 18:00:49] [INFO] [history] Historique sauvegardé avec succès.
[2025-04-25 18:00:49] [INFO] [history] Action enregistrée : Déplacement, source : C:/Users/Medessi Cvi/Desktop/Expo\I.pdf, destination : C:/Users/Medessi Cvi/Desktop/Expo\Documents\I.pdf
[2025-04-25 18:00:49] [INFO] [organizer] Déplacé: I.pdf → Documents/I.pdf
[2025-04-25 18:00:49] [INFO] [history] Historique sauvegardé avec succès.
[2025-04-25 18:00:49] [INFO] [history] Action enregistrée : Déplacement, source : C:/Users/Medessi Cvi/Desktop/Expo\III.docx, destination : C:/Users/Medessi Cvi/Desktop/Expo\Documents\III.docx
[2025-04-25 18:00:49] [INFO] [organizer] Déplacé: III.docx → Documents/III.docx
[2025-04-25 18:00:49] [INFO] [history] Historique sauvegardé avec succès.
[2025-04-25 18:00:49] [INFO] [history] Action enregistrée : Déplacement, source : C:/Users/Medessi Cvi/Desktop/Expo\INTRODUCTIO1.pdf, destination : C:/Users/Medessi Cvi/Desktop/Expo\Documents\INTRODUCTIO1.pdf
[2025-04-25 18:00:49] [INFO] [organizer] Déplacé: INTRODUCTIO1.pdf → Documents/INTRODUCTIO1.pdf
[2025-04-25 18:00:49] [INFO] [history] Historique sauvegardé avec succès.
[2025-04-25 18:00:49] [INFO] [history] Action enregistrée : Déplacement, source : C:/Users/Medessi Cvi/Desktop/Expo\INTRODUCTION.docx, destination : C:/Users/Medessi Cvi/Desktop/Expo\Documents\INTRODUCTION.docx
[2025-04-25 18:00:49] [INFO] [organizer] Déplacé: INTRODUCTION.docx → Documents/INTRODUCTION.docx
[2025-04-25 18:00:49] [INFO] [history] Historique sauvegardé avec succès.
[2025-04-25 18:00:49] [INFO] [history] Action enregistrée : Déplacement, source : C:/Users/Medessi Cvi/Desktop/Expo\INTRODUCTION.pdf, destination : C:/Users/Medessi Cvi/Desktop/Expo\Documents\INTRODUCTION.pdf
[2025-04-25 18:00:49] [INFO] [organizer] Déplacé: INTRODUCTION.pdf → Documents/INTRODUCTION.pdf
[2025-04-25 18:00:49] [INFO] [history] Historique sauvegardé avec succès.
[2025-04-25 18:00:49] [INFO] [history] Action enregistrée : Déplacement, source : C:/Users/Medessi Cvi/Desktop/Expo\Le respect des critères d.docx, destination : C:/Users/Medessi Cvi/Desktop/Expo\Documents\Le respect des critères d.docx
[2025-04-25 18:00:49] [INFO] [organizer] Déplacé: Le respect des critères d.docx → Documents/Le respect des critères d.docx
[2025-04-25 18:00:49] [INFO] [history] Historique sauvegardé avec succès.
[2025-04-25 18:00:49] [INFO] [history] Action enregistrée : Déplacement, source : C:/Users/Medessi Cvi/Desktop/Expo\LES IST.pdf, destination : C:/Users/Medessi Cvi/Desktop/Expo\Documents\LES IST.pdf
[2025-04-25 18:00:49] [INFO] [organizer] Déplacé: LES IST.pdf → Documents/LES IST.pdf
[2025-04-25 18:00:49] [INFO] [history] Historique sauvegardé avec succès.
[2025-04-25 18:00:49] [INFO] [history] Action enregistrée : Déplacement, source : C:/Users/Medessi Cvi/Desktop/Expo\Origine de la terre expo - Copie.pdf, destination : C:/Users/Medessi Cvi/Desktop/Expo\Documents\Origine de la terre expo - Copie.pdf
[2025-04-25 18:00:49] [INFO] [organizer] Déplacé: Origine de la terre expo - Copie.pdf → Documents/Origine de la terre expo - Copie.pdf
[2025-04-25 18:00:49] [INFO] [history] Historique sauvegardé avec succès.
[2025-04-25 18:00:49] [INFO] [history] Action enregistrée : Déplacement, source : C:/Users/Medessi Cvi/Desktop/Expo\Origine de la terre expo.docx, destination : C:/Users/Medessi Cvi/Desktop/Expo\Documents\Origine de la terre expo.docx
[2025-04-25 18:00:49] [INFO] [organizer] Déplacé: Origine de la terre expo.docx → Documents/Origine de la terre expo.docx
[2025-04-25 18:00:49] [INFO] [history] Historique sauvegardé avec succès.
[2025-04-25 18:00:49] [INFO] [history] Action enregistrée : Déplacement, source : C:/Users/Medessi Cvi/Desktop/Expo\Origine de la terre selon la science.docx, destination : C:/Users/Medessi Cvi/Desktop/Expo\Documents\Origine de la terre selon la science.docx
[2025-04-25 18:00:49] [INFO] [organizer] Déplacé: Origine de la terre selon la science.docx → Documents/Origine de la terre selon la science.docx
[2025-04-25 18:00:49] [INFO] [history] Historique sauvegardé avec succès.
[2025-04-25 18:00:49] [INFO] [history] Action enregistrée : Déplacement, source : C:/Users/Medessi Cvi/Desktop/Expo\Page de garde.docx, destination : C:/Users/Medessi Cvi/Desktop/Expo\Documents\Page de garde.docx
[2025-04-25 18:00:49] [INFO] [organizer] Déplacé: Page de garde.docx → Documents/Page de garde.docx
[2025-04-25 18:00:49] [INFO] [history] Historique sauvegardé avec succès.
[2025-04-25 18:00:49] [INFO] [history] Action enregistrée : Déplacement, source : C:/Users/Medessi Cvi/Desktop/Expo\Page de garde.pdf, destination : C:/Users/Medessi Cvi/Desktop/Expo\Documents\Page de garde.pdf
[2025-04-25 18:00:49] [INFO] [organizer] Déplacé: Page de garde.pdf → Documents/Page de garde.pdf
[2025-04-25 18:00:49] [INFO] [history] Historique sauvegardé avec succès.
[2025-04-25 18:00:49] [INFO] [history] Action enregistrée : Déplacement, source : C:/Users/Medessi Cvi/Desktop/Expo\Plan Structuré et Professionnel.pdf, destination : C:/Users/Medessi Cvi/Desktop/Expo\Documents\Plan Structuré et Professionnel.pdf
[2025-04-25 18:00:49] [INFO] [organizer] Déplacé: Plan Structuré et Professionnel.pdf → Documents/Plan Structuré et Professionnel.pdf
[2025-04-25 18:00:49] [INFO] [history] Historique sauvegardé avec succès.
[2025-04-25 18:00:49] [INFO] [history] Action enregistrée : Déplacement, source : C:/Users/Medessi Cvi/Desktop/Expo\PLAN.docx, destination : C:/Users/Medessi Cvi/Desktop/Expo\Documents\PLAN.docx
[2025-04-25 18:00:49] [INFO] [organizer] Déplacé: PLAN.docx → Documents/PLAN.docx
[2025-04-25 18:00:49] [INFO] [history] Historique sauvegardé avec succès.
[2025-04-25 18:00:49] [INFO] [history] Action enregistrée : Déplacement, source : C:/Users/Medessi Cvi/Desktop/Expo\PLAN.pdf, destination : C:/Users/Medessi Cvi/Desktop/Expo\Documents\PLAN.pdf
[2025-04-25 18:00:49] [INFO] [organizer] Déplacé: PLAN.pdf → Documents/PLAN.pdf
[2025-04-25 18:00:49] [INFO] [history] Historique sauvegardé avec succès.
[2025-04-25 18:00:49] [INFO] [history] Action enregistrée : Déplacement, source : C:/Users/Medessi Cvi/Desktop/Expo\PLAN3.docx, destination : C:/Users/Medessi Cvi/Desktop/Expo\Documents\PLAN3.docx
[2025-04-25 18:00:49] [INFO] [organizer] Déplacé: PLAN3.docx → Documents/PLAN3.docx
[2025-04-25 18:00:49] [INFO] [history] Historique sauvegardé avec succès.
[2025-04-25 18:00:49] [INFO] [history] Action enregistrée : Déplacement, source : C:/Users/Medessi Cvi/Desktop/Expo\VI.pdf, destination : C:/Users/Medessi Cvi/Desktop/Expo\Documents\VI.pdf
[2025-04-25 18:00:49] [INFO] [organizer] Déplacé: VI.pdf → Documents/VI.pdf
[2025-04-25 18:01:14] [INFO] [organizer] 0 doublon(s) supprimé(s) sur 215 fichiers traités.
[2025-04-25 18:09:34] [ERROR] [history] Erreur de décodage JSON : Expecting value: line 1 column 1 (char 0)
[2025-04-25 18:10:36] [ERROR] [history] Erreur de décodage JSON : Expecting value: line 1 column 1 (char 0)
[2025-04-25 18:10:36] [INFO] [main] Début de l'organisation du dossier: C:\Users\Medessi Cvi\Desktop\Expo
[2025-04-25 18:10:36] [INFO] [main] Classification par type...
[2025-04-25 18:10:36] [ERROR] [history] Erreur de décodage JSON : Expecting value: line 1 column 1 (char 0)
[2025-04-25 18:10:36] [INFO] [history] Historique sauvegardé avec succès.
[2025-04-25 18:10:36] [INFO] [history] Action enregistrée : Déplacement, source : C:\Users\Medessi Cvi\Desktop\Expo\Blue and Whi - Copie.pdf, destination : C:\Users\Medessi Cvi\Desktop\Expo\Documents\Blue and Whi - Copie.pdf
[2025-04-25 18:10:36] [INFO] [organizer] Déplacé: Blue and Whi - Copie.pdf → Documents/Blue and Whi - Copie.pdf
[2025-04-25 18:10:36] [INFO] [history] Historique sauvegardé avec succès.
[2025-04-25 18:10:36] [INFO] [history] Action enregistrée : Déplacement, source : C:\Users\Medessi Cvi\Desktop\Expo\Blue and White Professional Modern Business Report Cover Page - Copie (2).pdf, destination : C:\Users\Medessi Cvi\Desktop\Expo\Documents\Blue and White Professional Modern Business Report Cover Page - Copie (2).pdf
[2025-04-25 18:10:36] [INFO] [organizer] Déplacé: Blue and White Professional Modern Business Report Cover Page - Copie (2).pdf → Documents/Blue and White Professional Modern Business Report Cover Page - Copie (2).pdf
[2025-04-25 18:10:36] [INFO] [history] Historique sauvegardé avec succès.
[2025-04-25 18:10:36] [INFO] [history] Action enregistrée : Déplacement, source : C:\Users\Medessi Cvi\Desktop\Expo\CONCLUSIO2.docx, destination : C:\Users\Medessi Cvi\Desktop\Expo\Documents\CONCLUSIO2.docx
[2025-04-25 18:10:36] [INFO] [organizer] Déplacé: CONCLUSIO2.docx → Documents/CONCLUSIO2.docx
[2025-04-25 18:10:36] [INFO] [history] Historique sauvegardé avec succès.
[2025-04-25 18:10:36] [INFO] [history] Action enregistrée : Déplacement, source : C:\Users\Medessi Cvi\Desktop\Expo\CONCLUSIO2.pdf, destination : C:\Users\Medessi Cvi\Desktop\Expo\Documents\CONCLUSIO2.pdf
[2025-04-25 18:10:36] [INFO] [organizer] Déplacé: CONCLUSIO2.pdf → Documents/CONCLUSIO2.pdf
[2025-04-25 18:10:36] [INFO] [history] Historique sauvegardé avec succès.
[2025-04-25 18:10:36] [INFO] [history] Action enregistrée : Déplacement, source : C:\Users\Medessi Cvi\Desktop\Expo\CONCLUSION.pdf, destination : C:\Users\Medessi Cvi\Desktop\Expo\Documents\CONCLUSION.pdf
[2025-04-25 18:10:36] [INFO] [organizer] Déplacé: CONCLUSION.pdf → Documents/CONCLUSION.pdf
[2025-04-25 18:10:36] [INFO] [history] Historique sauvegardé avec succès.
[2025-04-25 18:10:36] [INFO] [history] Action enregistrée : Déplacement, source : C:\Users\Medessi Cvi\Desktop\Expo\Doc4.pdf, destination : C:\Users\Medessi Cvi\Desktop\Expo\Documents\Doc4.pdf
[2025-04-25 18:10:36] [INFO] [organizer] Déplacé: Doc4.pdf → Documents/Doc4.pdf
[2025-04-25 18:10:36] [INFO] [history] Historique sauvegardé avec succès.
[2025-04-25 18:10:36] [INFO] [history] Action enregistrée : Déplacement, source : C:\Users\Medessi Cvi\Desktop\Expo\Généralité sur l.docx, destination : C:\Users\Medessi Cvi\Desktop\Expo\Documents\Généralité sur l.docx
[2025-04-25 18:10:36] [INFO] [organizer] Déplacé: Généralité sur l.docx → Documents/Généralité sur l.docx
[2025-04-25 18:10:36] [INFO] [history] Historique sauvegardé avec succès.
[2025-04-25 18:10:36] [INFO] [history] Action enregistrée : Déplacement, source : C:\Users\Medessi Cvi\Desktop\Expo\I.pdf, destination : C:\Users\Medessi Cvi\Desktop\Expo\Documents\I.pdf
[2025-04-25 18:10:36] [INFO] [organizer] Déplacé: I.pdf → Documents/I.pdf
[2025-04-25 18:10:36] [INFO] [history] Historique sauvegardé avec succès.
[2025-04-25 18:10:36] [INFO] [history] Action enregistrée : Déplacement, source : C:\Users\Medessi Cvi\Desktop\Expo\III.docx, destination : C:\Users\Medessi Cvi\Desktop\Expo\Documents\III.docx
[2025-04-25 18:10:36] [INFO] [organizer] Déplacé: III.docx → Documents/III.docx
[2025-04-25 18:10:36] [INFO] [history] Historique sauvegardé avec succès.
[2025-04-25 18:10:36] [INFO] [history] Action enregistrée : Déplacement, source : C:\Users\Medessi Cvi\Desktop\Expo\INTRODUCTIO1.pdf, destination : C:\Users\Medessi Cvi\Desktop\Expo\Documents\INTRODUCTIO1.pdf
[2025-04-25 18:10:36] [INFO] [organizer] Déplacé: INTRODUCTIO1.pdf → Documents/INTRODUCTIO1.pdf
[2025-04-25 18:10:36] [INFO] [history] Historique sauvegardé avec succès.
[2025-04-25 18:10:36] [INFO] [history] Action enregistrée : Déplacement, source : C:\Users\Medessi Cvi\Desktop\Expo\INTRODUCTION.docx, destination : C:\Users\Medessi Cvi\Desktop\Expo\Documents\INTRODUCTION.docx
[2025-04-25 18:10:36] [INFO] [organizer] Déplacé: INTRODUCTION.docx → Documents/INTRODUCTION.docx
[2025-04-25 18:10:36] [INFO] [history] Historique sauvegardé avec succès.
[2025-04-25 18:10:36] [INFO] [history] Action enregistrée : Déplacement, source : C:\Users\Medessi Cvi\Desktop\Expo\INTRODUCTION.pdf, destination : C:\Users\Medessi Cvi\Desktop\Expo\Documents\INTRODUCTION.pdf
[2025-04-25 18:10:36] [INFO] [organizer] Déplacé: INTRODUCTION.pdf → Documents/INTRODUCTION.pdf
[2025-04-25 18:10:36] [INFO] [history] Historique sauvegardé avec succès.
[2025-04-25 18:10:36] [INFO] [history] Action enregistrée : Déplacement, source : C:\Users\Medessi Cvi\Desktop\Expo\Le respect des critères d.docx, destination : C:\Users\Medessi Cvi\Desktop\Expo\Documents\Le respect des critères d.docx
[2025-04-25 18:10:36] [INFO] [organizer] Déplacé: Le respect des critères d.docx → Documents/Le respect des critères d.docx
[2025-04-25 18:10:36] [INFO] [history] Historique sauvegardé avec succès.
[2025-04-25 18:10:36] [INFO] [history] Action enregistrée : Déplacement, source : C:\Users\Medessi Cvi\Desktop\Expo\LES IST.pdf, destination : C:\Users\Medessi Cvi\Desktop\Expo\Documents\LES IST.pdf
[2025-04-25 18:10:36] [INFO] [organizer] Déplacé: LES IST.pdf → Documents/LES IST.pdf
[2025-04-25 18:10:36] [INFO] [history] Historique sauvegardé avec succès.
[2025-04-25 18:10:36] [INFO] [history] Action enregistrée : Déplacement, source : C:\Users\Medessi Cvi\Desktop\Expo\Origine de la terre expo - Copie.pdf, destination : C:\Users\Medessi Cvi\Desktop\Expo\Documents\Origine de la terre expo - Copie.pdf
[2025-04-25 18:10:36] [INFO] [organizer] Déplacé: Origine de la terre expo - Copie.pdf → Documents/Origine de la terre expo - Copie.pdf
[2025-04-25 18:10:36] [INFO] [history] Historique sauvegardé avec succès.
[2025-04-25 18:10:36] [INFO] [history] Action enregistrée : Déplacement, source : C:\Users\Medessi Cvi\Desktop\Expo\Origine de la terre expo.docx, destination : C:\Users\Medessi Cvi\Desktop\Expo\Documents\Origine de la terre expo.docx
[2025-04-25 18:10:36] [INFO] [organizer] Déplacé: Origine de la terre expo.docx → Documents/Origine de la terre expo.docx
[2025-04-25 18:10:36] [INFO] [history] Historique sauvegardé avec succès.
[2025-04-25 18:10:36] [INFO] [history] Action enregistrée : Déplacement, source : C:\Users\Medessi Cvi\Desktop\Expo\Origine de la terre selon la science.docx, destination : C:\Users\Medessi Cvi\Desktop\Expo\Documents\Origine de la terre selon la science.docx
[2025-04-25 18:10:36] [INFO] [organizer] Déplacé: Origine de la terre selon la science.docx → Documents/Origine de la terre selon la science.docx
[2025-04-25 18:10:36] [INFO] [history] Historique sauvegardé avec succès.
[2025-04-25 18:10:36] [INFO] [history] Action enregistrée : Déplacement, source : C:\Users\Medessi Cvi\Desktop\Expo\Page de garde.docx, destination : C:\Users\Medessi Cvi\Desktop\Expo\Documents\Page de garde.docx
[2025-04-25 18:10:36] [INFO] [organizer] Déplacé: Page de garde.docx → Documents/Page de garde.docx
[2025-04-25 18:10:36] [INFO] [history] Historique sauvegardé avec succès.
[2025-04-25 18:10:36] [INFO] [history] Action enregistrée : Déplacement, source : C:\Users\Medessi Cvi\Desktop\Expo\Page de garde.pdf, destination : C:\Users\Medessi Cvi\Desktop\Expo\Documents\Page de garde.pdf
[2025-04-25 18:10:36] [INFO] [organizer] Déplacé: Page de garde.pdf → Documents/Page de garde.pdf
[2025-04-25 18:10:36] [INFO] [history] Historique sauvegardé avec succès.
[2025-04-25 18:10:36] [INFO] [history] Action enregistrée : Déplacement, source : C:\Users\Medessi Cvi\Desktop\Expo\Plan Structuré et Professionnel.pdf, destination : C:\Users\Medessi Cvi\Desktop\Expo\Documents\Plan Structuré et Professionnel.pdf
[2025-04-25 18:10:36] [INFO] [organizer] Déplacé: Plan Structuré et Professionnel.pdf → Documents/Plan Structuré et Professionnel.pdf
[2025-04-25 18:10:36] [INFO] [history] Historique sauvegardé avec succès.
[2025-04-25 18:10:36] [INFO] [history] Action enregistrée : Déplacement, source : C:\Users\Medessi Cvi\Desktop\Expo\PLAN.docx, destination : C:\Users\Medessi Cvi\Desktop\Expo\Documents\PLAN.docx
[2025-04-25 18:10:36] [INFO] [organizer] Déplacé: PLAN.docx → Documents/PLAN.docx
[2025-04-25 18:10:36] [INFO] [history] Historique sauvegardé avec succès.
[2025-04-25 18:10:36] [INFO] [history] Action enregistrée : Déplacement, source : C:\Users\Medessi Cvi\Desktop\Expo\PLAN.pdf, destination : C:\Users\Medessi Cvi\Desktop\Expo\Documents\PLAN.pdf
[2025-04-25 18:10:36] [INFO] [organizer] Déplacé: PLAN.pdf → Documents/PLAN.pdf
[2025-04-25 18:10:36] [INFO] [history] Historique sauvegardé avec succès.
[2025-04-25 18:10:36] [INFO] [history] Action enregistrée : Déplacement, source : C:\Users\Medessi Cvi\Desktop\Expo\PLAN3.docx, destination : C:\Users\Medessi Cvi\Desktop\Expo\Documents\PLAN3.docx
[2025-04-25 18:10:36] [INFO] [organizer] Déplacé: PLAN3.docx → Documents/PLAN3.docx
[2025-04-25 18:10:36] [INFO] [history] Historique sauvegardé avec succès.
[2025-04-25 18:10:36] [INFO] [history] Action enregistrée : Déplacement, source : C:\Users\Medessi Cvi\Desktop\Expo\VI.pdf, destination : C:\Users\Medessi Cvi\Desktop\Expo\Documents\VI.pdf
[2025-04-25 18:10:36] [INFO] [organizer] Déplacé: VI.pdf → Documents/VI.pdf
[2025-04-25 18:10:36] [INFO] [main] 24 fichiers traités par type
[2025-04-25 18:10:36] [INFO] [main] Organisation terminée!
[2025-04-25 20:55:58] [INFO] [main] Début de l'organisation du dossier: C:\Users\Medessi Cvi\Desktop\Expo
[2025-04-25 20:55:58] [INFO] [main] Classification par type...
[2025-04-25 20:55:58] [INFO] [history] Historique sauvegardé avec succès.
[2025-04-25 20:55:58] [INFO] [history] Action enregistrée : Déplacement, source : C:\Users\Medessi Cvi\Desktop\Expo\Blue and Whi - Copie.pdf, destination : C:\Users\Medessi Cvi\Desktop\Expo\Documents\Blue and Whi - Copie.pdf
[2025-04-25 20:55:58] [INFO] [organizer] Déplacé: Blue and Whi - Copie.pdf → Documents/Blue and Whi - Copie.pdf
[2025-04-25 20:55:58] [INFO] [history] Historique sauvegardé avec succès.
[2025-04-25 20:55:58] [INFO] [history] Action enregistrée : Déplacement, source : C:\Users\Medessi Cvi\Desktop\Expo\Blue and White Professional Modern Business Report Cover Page - Copie (2).pdf, destination : C:\Users\Medessi Cvi\Desktop\Expo\Documents\Blue and White Professional Modern Business Report Cover Page - Copie (2).pdf
[2025-04-25 20:55:58] [INFO] [organizer] Déplacé: Blue and White Professional Modern Business Report Cover Page - Copie (2).pdf → Documents/Blue and White Professional Modern Business Report Cover Page - Copie (2).pdf
[2025-04-25 20:55:58] [INFO] [history] Historique sauvegardé avec succès.
[2025-04-25 20:55:58] [INFO] [history] Action enregistrée : Déplacement, source : C:\Users\Medessi Cvi\Desktop\Expo\CONCLUSIO2.docx, destination : C:\Users\Medessi Cvi\Desktop\Expo\Documents\CONCLUSIO2.docx
[2025-04-25 20:55:58] [INFO] [organizer] Déplacé: CONCLUSIO2.docx → Documents/CONCLUSIO2.docx
[2025-04-25 20:55:58] [INFO] [history] Historique sauvegardé avec succès.
[2025-04-25 20:55:58] [INFO] [history] Action enregistrée : Déplacement, source : C:\Users\Medessi Cvi\Desktop\Expo\CONCLUSIO2.pdf, destination : C:\Users\Medessi Cvi\Desktop\Expo\Documents\CONCLUSIO2.pdf
[2025-04-25 20:55:58] [INFO] [organizer] Déplacé: CONCLUSIO2.pdf → Documents/CONCLUSIO2.pdf
[2025-04-25 20:55:58] [INFO] [history] Historique sauvegardé avec succès.
[2025-04-25 20:55:58] [INFO] [history] Action enregistrée : Déplacement, source : C:\Users\Medessi Cvi\Desktop\Expo\CONCLUSION.pdf, destination : C:\Users\Medessi Cvi\Desktop\Expo\Documents\CONCLUSION.pdf
[2025-04-25 20:55:58] [INFO] [organizer] Déplacé: CONCLUSION.pdf → Documents/CONCLUSION.pdf
[2025-04-25 20:55:58] [INFO] [history] Historique sauvegardé avec succès.
[2025-04-25 20:55:58] [INFO] [history] Action enregistrée : Déplacement, source : C:\Users\Medessi Cvi\Desktop\Expo\Doc4.pdf, destination : C:\Users\Medessi Cvi\Desktop\Expo\Documents\Doc4.pdf
[2025-04-25 20:55:58] [INFO] [organizer] Déplacé: Doc4.pdf → Documents/Doc4.pdf
[2025-04-25 20:55:58] [INFO] [history] Historique sauvegardé avec succès.
[2025-04-25 20:55:58] [INFO] [history] Action enregistrée : Déplacement, source : C:\Users\Medessi Cvi\Desktop\Expo\Généralité sur l.docx, destination : C:\Users\Medessi Cvi\Desktop\Expo\Documents\Généralité sur l.docx
[2025-04-25 20:55:58] [INFO] [organizer] Déplacé: Généralité sur l.docx → Documents/Généralité sur l.docx
[2025-04-25 20:55:58] [INFO] [history] Historique sauvegardé avec succès.
[2025-04-25 20:55:58] [INFO] [history] Action enregistrée : Déplacement, source : C:\Users\Medessi Cvi\Desktop\Expo\I.pdf, destination : C:\Users\Medessi Cvi\Desktop\Expo\Documents\I.pdf
[2025-04-25 20:55:58] [INFO] [organizer] Déplacé: I.pdf → Documents/I.pdf
[2025-04-25 20:55:58] [INFO] [history] Historique sauvegardé avec succès.
[2025-04-25 20:55:58] [INFO] [history] Action enregistrée : Déplacement, source : C:\Users\Medessi Cvi\Desktop\Expo\III.docx, destination : C:\Users\Medessi Cvi\Desktop\Expo\Documents\III.docx
[2025-04-25 20:55:58] [INFO] [organizer] Déplacé: III.docx → Documents/III.docx
[2025-04-25 20:55:58] [INFO] [history] Historique sauvegardé avec succès.
[2025-04-25 20:55:58] [INFO] [history] Action enregistrée : Déplacement, source : C:\Users\Medessi Cvi\Desktop\Expo\INTRODUCTIO1.pdf, destination : C:\Users\Medessi Cvi\Desktop\Expo\Documents\INTRODUCTIO1.pdf
[2025-04-25 20:55:58] [INFO] [organizer] Déplacé: INTRODUCTIO1.pdf → Documents/INTRODUCTIO1.pdf
[2025-04-25 20:55:58] [INFO] [history] Historique sauvegardé avec succès.
[2025-04-25 20:55:58] [INFO] [history] Action enregistrée : Déplacement, source : C:\Users\Medessi Cvi\Desktop\Expo\INTRODUCTION.docx, destination : C:\Users\Medessi Cvi\Desktop\Expo\Documents\INTRODUCTION.docx
[2025-04-25 20:55:58] [INFO] [organizer] Déplacé: INTRODUCTION.docx → Documents/INTRODUCTION.docx
[2025-04-25 20:55:58] [INFO] [history] Historique sauvegardé avec succès.
[2025-04-25 20:55:58] [INFO] [history] Action enregistrée : Déplacement, source : C:\Users\Medessi Cvi\Desktop\Expo\INTRODUCTION.pdf, destination : C:\Users\Medessi Cvi\Desktop\Expo\Documents\INTRODUCTION.pdf
[2025-04-25 20:55:58] [INFO] [organizer] Déplacé: INTRODUCTION.pdf → Documents/INTRODUCTION.pdf
[2025-04-25 20:55:58] [INFO] [history] Historique sauvegardé avec succès.
[2025-04-25 20:55:58] [INFO] [history] Action enregistrée : Déplacement, source : C:\Users\Medessi Cvi\Desktop\Expo\Le respect des critères d.docx, destination : C:\Users\Medessi Cvi\Desktop\Expo\Documents\Le respect des critères d.docx
[2025-04-25 20:55:58] [INFO] [organizer] Déplacé: Le respect des critères d.docx → Documents/Le respect des critères d.docx
[2025-04-25 20:55:58] [INFO] [history] Historique sauvegardé avec succès.
[2025-04-25 20:55:58] [INFO] [history] Action enregistrée : Déplacement, source : C:\Users\Medessi Cvi\Desktop\Expo\LES IST.pdf, destination : C:\Users\Medessi Cvi\Desktop\Expo\Documents\LES IST.pdf
[2025-04-25 20:55:58] [INFO] [organizer] Déplacé: LES IST.pdf → Documents/LES IST.pdf
[2025-04-25 20:55:58] [INFO] [history] Historique sauvegardé avec succès.
[2025-04-25 20:55:58] [INFO] [history] Action enregistrée : Déplacement, source : C:\Users\Medessi Cvi\Desktop\Expo\Origine de la terre expo - Copie.pdf, destination : C:\Users\Medessi Cvi\Desktop\Expo\Documents\Origine de la terre expo - Copie.pdf
[2025-04-25 20:55:58] [INFO] [organizer] Déplacé: Origine de la terre expo - Copie.pdf → Documents/Origine de la terre expo - Copie.pdf
[2025-04-25 20:55:58] [INFO] [history] Historique sauvegardé avec succès.
[2025-04-25 20:55:58] [INFO] [history] Action enregistrée : Déplacement, source : C:\Users\Medessi Cvi\Desktop\Expo\Origine de la terre expo.docx, destination : C:\Users\Medessi Cvi\Desktop\Expo\Documents\Origine de la terre expo.docx
[2025-04-25 20:55:58] [INFO] [organizer] Déplacé: Origine de la terre expo.docx → Documents/Origine de la terre expo.docx
[2025-04-25 20:55:58] [INFO] [history] Historique sauvegardé avec succès.
[2025-04-25 20:55:58] [INFO] [history] Action enregistrée : Déplacement, source : C:\Users\Medessi Cvi\Desktop\Expo\Origine de la terre selon la science.docx, destination : C:\Users\Medessi Cvi\Desktop\Expo\Documents\Origine de la terre selon la science.docx
[2025-04-25 20:55:58] [INFO] [organizer] Déplacé: Origine de la terre selon la science.docx → Documents/Origine de la terre selon la science.docx
[2025-04-25 20:55:58] [INFO] [history] Historique sauvegardé avec succès.
[2025-04-25 20:55:58] [INFO] [history] Action enregistrée : Déplacement, source : C:\Users\Medessi Cvi\Desktop\Expo\Page de garde.docx, destination : C:\Users\Medessi Cvi\Desktop\Expo\Documents\Page de garde.docx
[2025-04-25 20:55:58] [INFO] [organizer] Déplacé: Page de garde.docx → Documents/Page de garde.docx
[2025-04-25 20:55:58] [INFO] [history] Historique sauvegardé avec succès.
[2025-04-25 20:55:58] [INFO] [history] Action enregistrée : Déplacement, source : C:\Users\Medessi Cvi\Desktop\Expo\Page de garde.pdf, destination : C:\Users\Medessi Cvi\Desktop\Expo\Documents\Page de garde.pdf
[2025-04-25 20:55:58] [INFO] [organizer] Déplacé: Page de garde.pdf → Documents/Page de garde.pdf
[2025-04-25 20:55:58] [INFO] [history] Historique sauvegardé avec succès.
[2025-04-25 20:55:58] [INFO] [history] Action enregistrée : Déplacement, source : C:\Users\Medessi Cvi\Desktop\Expo\Plan Structuré et Professionnel.pdf, destination : C:\Users\Medessi Cvi\Desktop\Expo\Documents\Plan Structuré et Professionnel.pdf
[2025-04-25 20:55:58] [INFO] [organizer] Déplacé: Plan Structuré et Professionnel.pdf → Documents/Plan Structuré et Professionnel.pdf
[2025-04-25 20:55:58] [INFO] [history] Historique sauvegardé avec succès.
[2025-04-25 20:55:58] [INFO] [history] Action enregistrée : Déplacement, source : C:\Users\Medessi Cvi\Desktop\Expo\PLAN.docx, destination : C:\Users\Medessi Cvi\Desktop\Expo\Documents\PLAN.docx
[2025-04-25 20:55:58] [INFO] [organizer] Déplacé: PLAN.docx → Documents/PLAN.docx
[2025-04-25 20:55:58] [INFO] [history] Historique sauvegardé avec succès.
[2025-04-25 20:55:58] [INFO] [history] Action enregistrée : Déplacement, source : C:\Users\Medessi Cvi\Desktop\Expo\PLAN.pdf, destination : C:\Users\Medessi Cvi\Desktop\Expo\Documents\PLAN.pdf
[2025-04-25 20:55:58] [INFO] [organizer] Déplacé: PLAN.pdf → Documents/PLAN.pdf
[2025-04-25 20:55:58] [INFO] [history] Historique sauvegardé avec succès.
[2025-04-25 20:55:58] [INFO] [history] Action enregistrée : Déplacement, source : C:\Users\Medessi Cvi\Desktop\Expo\PLAN3.docx, destination : C:\Users\Medessi Cvi\Desktop\Expo\Documents\PLAN3.docx
[2025-04-25 20:55:58] [INFO] [organizer] Déplacé: PLAN3.docx → Documents/PLAN3.docx
[2025-04-25 20:55:58] [INFO] [history] Historique sauvegardé avec succès.
[2025-04-25 20:55:58] [INFO] [history] Action enregistrée : Déplacement, source : C:\Users\Medessi Cvi\Desktop\Expo\VI.pdf, destination : C:\Users\Medessi Cvi\Desktop\Expo\Documents\VI.pdf
[2025-04-25 20:55:58] [INFO] [organizer] Déplacé: VI.pdf → Documents/VI.pdf
[2025-04-25 20:55:58] [INFO] [main] 24 fichiers traités par type
[2025-04-25 20:55:58] [INFO] [main] Organisation terminée!
