[2025-04-26 00:00:39] [INFO] [undo_redo] Action annulée: Déplacement, C:\Users\Medessi Cvi\Desktop\Expo\Documents\VI.pdf → C:\Users\Medessi Cvi\Desktop\Expo\VI.pdf
[2025-04-26 00:00:39] [INFO] [history] Historique sauvegardé avec succès.
[2025-04-26 00:01:08] [INFO] [undo_redo] Action annulée: Déplacement, C:\Users\Medessi Cvi\Desktop\Expo\Documents\PLAN3.docx → C:\Users\Medessi Cvi\Desktop\Expo\PLAN3.docx
[2025-04-26 00:01:08] [INFO] [history] Historique sauvegardé avec succès.
[2025-04-26 00:31:45] [INFO] [undo_redo] Action annulée: Déplacement, C:\Users\Medessi Cvi\Desktop\Expo\Documents\PLAN.pdf → C:\Users\Medessi Cvi\Desktop\Expo\PLAN.pdf
[2025-04-26 00:31:46] [INFO] [history] Historique sauvegardé avec succès.
[2025-04-26 00:31:46] [INFO] [main] Début de l'organisation du dossier: C:\Users\Medessi Cvi\Desktop\Expo
[2025-04-26 00:31:46] [INFO] [main] Classification par type...
[2025-04-26 00:31:46] [INFO] [history] Historique sauvegardé avec succès.
[2025-04-26 00:31:46] [INFO] [history] Action enregistrée : Déplacement, source : C:\Users\Medessi Cvi\Desktop\Expo\PLAN.pdf, destination : C:\Users\Medessi Cvi\Desktop\Expo\Documents\PLAN.pdf
[2025-04-26 00:31:46] [INFO] [organizer] Déplacé: PLAN.pdf → Documents/PLAN.pdf
[2025-04-26 00:31:46] [INFO] [history] Historique sauvegardé avec succès.
[2025-04-26 00:31:46] [INFO] [history] Action enregistrée : Déplacement, source : C:\Users\Medessi Cvi\Desktop\Expo\PLAN3.docx, destination : C:\Users\Medessi Cvi\Desktop\Expo\Documents\PLAN3.docx
[2025-04-26 00:31:46] [INFO] [organizer] Déplacé: PLAN3.docx → Documents/PLAN3.docx
[2025-04-26 00:31:46] [INFO] [history] Historique sauvegardé avec succès.
[2025-04-26 00:31:46] [INFO] [history] Action enregistrée : Déplacement, source : C:\Users\Medessi Cvi\Desktop\Expo\VI.pdf, destination : C:\Users\Medessi Cvi\Desktop\Expo\Documents\VI.pdf
[2025-04-26 00:31:46] [INFO] [organizer] Déplacé: VI.pdf → Documents/VI.pdf
[2025-04-26 00:31:46] [INFO] [main] 3 fichiers traités par type
[2025-04-26 00:31:46] [INFO] [main] Organisation terminée!
[2025-04-26 00:33:15] [INFO] [undo_redo] Action annulée: Déplacement, C:\Users\Medessi Cvi\Desktop\Expo\Documents\VI.pdf → C:\Users\Medessi Cvi\Desktop\Expo\VI.pdf
[2025-04-26 00:33:15] [INFO] [history] Historique sauvegardé avec succès.
[2025-04-26 00:33:19] [INFO] [undo_redo] Action annulée: Déplacement, C:\Users\Medessi Cvi\Desktop\Expo\Documents\PLAN3.docx → C:\Users\Medessi Cvi\Desktop\Expo\PLAN3.docx
[2025-04-26 00:33:19] [INFO] [history] Historique sauvegardé avec succès.
[2025-04-26 00:33:22] [INFO] [undo_redo] Action annulée: Déplacement, C:\Users\Medessi Cvi\Desktop\Expo\Documents\PLAN.pdf → C:\Users\Medessi Cvi\Desktop\Expo\PLAN.pdf
[2025-04-26 00:33:22] [INFO] [history] Historique sauvegardé avec succès.
[2025-04-26 01:34:07] [ERROR] [ui_main] Exception dans afficher_historique: Traceback (most recent call last):
  File "c:\Users\Medessi Cvi\Desktop\organisateur_fichiers\ui_main.py", line 818, in afficher_historique
    header.setSectionResizeMode(0, QHeaderView.ResizeToContents)
                                   ^^^^^^^^^^^^^^^^^^^^^^^^^^^^
AttributeError: type object 'QHeaderView' has no attribute 'ResizeToContents'

[2025-04-26 01:36:35] [ERROR] [ui_main] Exception dans afficher_historique: Traceback (most recent call last):
  File "c:\Users\Medessi Cvi\Desktop\organisateur_fichiers\ui_main.py", line 1075, in afficher_historique
    dialog.exec_()
    ^^^^^^^^^^^^
AttributeError: 'QDialog' object has no attribute 'exec_'. Did you mean: 'exec'?

[2025-04-26 13:24:30] [INFO] [undo_redo] Action annulée: Déplacement, C:\Users\Medessi Cvi\Desktop\Expo\Documents\PLAN.docx → C:\Users\Medessi Cvi\Desktop\Expo\PLAN.docx
[2025-04-26 13:24:30] [INFO] [history] Historique sauvegardé avec succès.
[2025-04-26 14:07:49] [INFO] [undo_redo] Action annulée: Déplacement, C:\Users\Medessi Cvi\Desktop\Expo\Documents\Plan Structuré et Professionnel.pdf → C:\Users\Medessi Cvi\Desktop\Expo\Plan Structuré et Professionnel.pdf
[2025-04-26 14:07:49] [INFO] [history] Historique sauvegardé avec succès.
[2025-04-26 14:20:54] [INFO] [undo_redo] Action annulée: Déplacement, C:\Users\Medessi Cvi\Desktop\Expo\Documents\Page de garde.pdf → C:\Users\Medessi Cvi\Desktop\Expo\Page de garde.pdf
[2025-04-26 14:20:54] [INFO] [history] Historique sauvegardé avec succès.
[2025-04-26 14:29:46] [INFO] [undo_redo] Action annulée: Déplacement, C:\Users\Medessi Cvi\Desktop\Expo\Documents\Page de garde.docx → C:\Users\Medessi Cvi\Desktop\Expo\Page de garde.docx
[2025-04-26 14:29:46] [INFO] [history] Historique sauvegardé avec succès.
[2025-04-26 14:31:16] [INFO] [undo_redo] Action annulée: Déplacement, C:\Users\Medessi Cvi\Desktop\Expo\Documents\Origine de la terre selon la science.docx → C:\Users\Medessi Cvi\Desktop\Expo\Origine de la terre selon la science.docx
[2025-04-26 14:31:16] [INFO] [history] Historique sauvegardé avec succès.
[2025-04-26 14:36:36] [INFO] [undo_redo] Action annulée: Déplacement, C:\Users\Medessi Cvi\Desktop\Expo\Documents\Origine de la terre expo.docx → C:\Users\Medessi Cvi\Desktop\Expo\Origine de la terre expo.docx
[2025-04-26 14:36:36] [INFO] [history] Historique sauvegardé avec succès.
[2025-04-26 14:44:54] [INFO] [undo_redo] Action annulée: Déplacement, C:\Users\Medessi Cvi\Desktop\Expo\Documents\Origine de la terre expo - Copie.pdf → C:\Users\Medessi Cvi\Desktop\Expo\Origine de la terre expo - Copie.pdf
[2025-04-26 14:44:54] [INFO] [history] Historique sauvegardé avec succès.
[2025-04-26 14:54:06] [INFO] [undo_redo] Action annulée: Déplacement, C:\Users\Medessi Cvi\Desktop\Expo\Documents\LES IST.pdf → C:\Users\Medessi Cvi\Desktop\Expo\LES IST.pdf
[2025-04-26 14:54:06] [INFO] [history] Historique sauvegardé avec succès.
[2025-04-26 15:03:49] [INFO] [undo_redo] Action annulée: Déplacement, C:\Users\Medessi Cvi\Desktop\Expo\Documents\Le respect des critères d.docx → C:\Users\Medessi Cvi\Desktop\Expo\Le respect des critères d.docx
[2025-04-26 15:03:49] [INFO] [history] Historique sauvegardé avec succès.
[2025-04-26 15:09:51] [INFO] [undo_redo] Action annulée: Déplacement, C:\Users\Medessi Cvi\Desktop\Expo\Documents\INTRODUCTION.pdf → C:\Users\Medessi Cvi\Desktop\Expo\INTRODUCTION.pdf
[2025-04-26 15:09:51] [INFO] [history] Historique sauvegardé avec succès.
[2025-04-26 15:13:05] [INFO] [undo_redo] Action annulée: Déplacement, C:\Users\Medessi Cvi\Desktop\Expo\Documents\INTRODUCTION.docx → C:\Users\Medessi Cvi\Desktop\Expo\INTRODUCTION.docx
[2025-04-26 15:13:05] [INFO] [history] Historique sauvegardé avec succès.
[2025-04-26 15:14:13] [INFO] [undo_redo] Action annulée: Déplacement, C:\Users\Medessi Cvi\Desktop\Expo\Documents\INTRODUCTIO1.pdf → C:\Users\Medessi Cvi\Desktop\Expo\INTRODUCTIO1.pdf
[2025-04-26 15:14:13] [INFO] [history] Historique sauvegardé avec succès.
[2025-04-26 15:21:03] [INFO] [organizer] Dossier créé: C:/Users/Medessi Cvi/Desktop/test\Vidéos
[2025-04-26 15:21:03] [INFO] [history] Historique sauvegardé avec succès.
[2025-04-26 15:21:03] [INFO] [history] Action enregistrée : Déplacement, source : C:/Users/Medessi Cvi/Desktop/test\IMG_2699.MP4, destination : C:/Users/Medessi Cvi/Desktop/test\Vidéos\IMG_2699.MP4
[2025-04-26 15:21:03] [INFO] [organizer] Déplacé: IMG_2699.MP4 → Vidéos/IMG_2699.MP4
[2025-04-26 15:21:03] [INFO] [history] Historique sauvegardé avec succès.
[2025-04-26 15:21:03] [INFO] [history] Action enregistrée : Déplacement, source : C:/Users/Medessi Cvi/Desktop/test\IMG_2700.MP4, destination : C:/Users/Medessi Cvi/Desktop/test\Vidéos\IMG_2700.MP4
[2025-04-26 15:21:03] [INFO] [organizer] Déplacé: IMG_2700.MP4 → Vidéos/IMG_2700.MP4
[2025-04-26 15:21:03] [INFO] [organizer] Dossier créé: C:/Users/Medessi Cvi/Desktop/test\Documents
[2025-04-26 15:21:04] [INFO] [history] Historique sauvegardé avec succès.
[2025-04-26 15:21:04] [INFO] [history] Action enregistrée : Déplacement, source : C:/Users/Medessi Cvi/Desktop/test\INTRODUCTIO1.pdf, destination : C:/Users/Medessi Cvi/Desktop/test\Documents\INTRODUCTIO1.pdf
[2025-04-26 15:21:04] [INFO] [organizer] Déplacé: INTRODUCTIO1.pdf → Documents/INTRODUCTIO1.pdf
[2025-04-26 15:21:04] [INFO] [history] Historique sauvegardé avec succès.
[2025-04-26 15:21:04] [INFO] [history] Action enregistrée : Déplacement, source : C:/Users/Medessi Cvi/Desktop/test\INTRODUCTION.docx, destination : C:/Users/Medessi Cvi/Desktop/test\Documents\INTRODUCTION.docx
[2025-04-26 15:21:04] [INFO] [organizer] Déplacé: INTRODUCTION.docx → Documents/INTRODUCTION.docx
[2025-04-26 15:21:04] [INFO] [history] Historique sauvegardé avec succès.
[2025-04-26 15:21:04] [INFO] [history] Action enregistrée : Déplacement, source : C:/Users/Medessi Cvi/Desktop/test\INTRODUCTION.pdf, destination : C:/Users/Medessi Cvi/Desktop/test\Documents\INTRODUCTION.pdf
[2025-04-26 15:21:04] [INFO] [organizer] Déplacé: INTRODUCTION.pdf → Documents/INTRODUCTION.pdf
[2025-04-26 15:21:04] [INFO] [history] Historique sauvegardé avec succès.
[2025-04-26 15:21:04] [INFO] [history] Action enregistrée : Déplacement, source : C:/Users/Medessi Cvi/Desktop/test\Le respect des critères d.docx, destination : C:/Users/Medessi Cvi/Desktop/test\Documents\Le respect des critères d.docx
[2025-04-26 15:21:04] [INFO] [organizer] Déplacé: Le respect des critères d.docx → Documents/Le respect des critères d.docx
[2025-04-26 15:21:04] [INFO] [history] Historique sauvegardé avec succès.
[2025-04-26 15:21:04] [INFO] [history] Action enregistrée : Déplacement, source : C:/Users/Medessi Cvi/Desktop/test\LES IST.pdf, destination : C:/Users/Medessi Cvi/Desktop/test\Documents\LES IST.pdf
[2025-04-26 15:21:04] [INFO] [organizer] Déplacé: LES IST.pdf → Documents/LES IST.pdf
[2025-04-26 15:21:04] [INFO] [history] Historique sauvegardé avec succès.
[2025-04-26 15:21:04] [INFO] [history] Action enregistrée : Déplacement, source : C:/Users/Medessi Cvi/Desktop/test\Origine de la terre expo - Copie.pdf, destination : C:/Users/Medessi Cvi/Desktop/test\Documents\Origine de la terre expo - Copie.pdf
[2025-04-26 15:21:04] [INFO] [organizer] Déplacé: Origine de la terre expo - Copie.pdf → Documents/Origine de la terre expo - Copie.pdf
[2025-04-26 15:21:04] [INFO] [history] Historique sauvegardé avec succès.
[2025-04-26 15:21:04] [INFO] [history] Action enregistrée : Déplacement, source : C:/Users/Medessi Cvi/Desktop/test\Origine de la terre expo.docx, destination : C:/Users/Medessi Cvi/Desktop/test\Documents\Origine de la terre expo.docx
[2025-04-26 15:21:04] [INFO] [organizer] Déplacé: Origine de la terre expo.docx → Documents/Origine de la terre expo.docx
[2025-04-26 15:21:04] [INFO] [history] Historique sauvegardé avec succès.
[2025-04-26 15:21:04] [INFO] [history] Action enregistrée : Déplacement, source : C:/Users/Medessi Cvi/Desktop/test\Origine de la terre selon la science.docx, destination : C:/Users/Medessi Cvi/Desktop/test\Documents\Origine de la terre selon la science.docx
[2025-04-26 15:21:04] [INFO] [organizer] Déplacé: Origine de la terre selon la science.docx → Documents/Origine de la terre selon la science.docx
[2025-04-26 15:21:04] [INFO] [history] Historique sauvegardé avec succès.
[2025-04-26 15:21:04] [INFO] [history] Action enregistrée : Déplacement, source : C:/Users/Medessi Cvi/Desktop/test\Page de garde.docx, destination : C:/Users/Medessi Cvi/Desktop/test\Documents\Page de garde.docx
[2025-04-26 15:21:04] [INFO] [organizer] Déplacé: Page de garde.docx → Documents/Page de garde.docx
[2025-04-26 15:21:04] [INFO] [history] Historique sauvegardé avec succès.
[2025-04-26 15:21:04] [INFO] [history] Action enregistrée : Déplacement, source : C:/Users/Medessi Cvi/Desktop/test\Page de garde.pdf, destination : C:/Users/Medessi Cvi/Desktop/test\Documents\Page de garde.pdf
[2025-04-26 15:21:04] [INFO] [organizer] Déplacé: Page de garde.pdf → Documents/Page de garde.pdf
[2025-04-26 15:21:04] [INFO] [history] Historique sauvegardé avec succès.
[2025-04-26 15:21:04] [INFO] [history] Action enregistrée : Déplacement, source : C:/Users/Medessi Cvi/Desktop/test\Plan Structuré et Professionnel.pdf, destination : C:/Users/Medessi Cvi/Desktop/test\Documents\Plan Structuré et Professionnel.pdf
[2025-04-26 15:21:04] [INFO] [organizer] Déplacé: Plan Structuré et Professionnel.pdf → Documents/Plan Structuré et Professionnel.pdf
[2025-04-26 15:21:04] [INFO] [history] Historique sauvegardé avec succès.
[2025-04-26 15:21:04] [INFO] [history] Action enregistrée : Déplacement, source : C:/Users/Medessi Cvi/Desktop/test\PLAN.docx, destination : C:/Users/Medessi Cvi/Desktop/test\Documents\PLAN.docx
[2025-04-26 15:21:04] [INFO] [organizer] Déplacé: PLAN.docx → Documents/PLAN.docx
[2025-04-26 15:21:04] [INFO] [history] Historique sauvegardé avec succès.
[2025-04-26 15:21:04] [INFO] [history] Action enregistrée : Déplacement, source : C:/Users/Medessi Cvi/Desktop/test\PLAN.pdf, destination : C:/Users/Medessi Cvi/Desktop/test\Documents\PLAN.pdf
[2025-04-26 15:21:04] [INFO] [organizer] Déplacé: PLAN.pdf → Documents/PLAN.pdf
[2025-04-26 15:21:04] [INFO] [history] Historique sauvegardé avec succès.
[2025-04-26 15:21:04] [INFO] [history] Action enregistrée : Déplacement, source : C:/Users/Medessi Cvi/Desktop/test\PLAN3.docx, destination : C:/Users/Medessi Cvi/Desktop/test\Documents\PLAN3.docx
[2025-04-26 15:21:04] [INFO] [organizer] Déplacé: PLAN3.docx → Documents/PLAN3.docx
[2025-04-26 15:21:04] [INFO] [history] Historique sauvegardé avec succès.
[2025-04-26 15:21:04] [INFO] [history] Action enregistrée : Déplacement, source : C:/Users/Medessi Cvi/Desktop/test\VI.pdf, destination : C:/Users/Medessi Cvi/Desktop/test\Documents\VI.pdf
[2025-04-26 15:21:04] [INFO] [organizer] Déplacé: VI.pdf → Documents/VI.pdf
[2025-04-26 15:21:04] [INFO] [history] Historique sauvegardé avec succès.
[2025-04-26 15:21:04] [INFO] [history] Action enregistrée : Déplacement, source : C:/Users/Medessi Cvi/Desktop/test\WhatsApp Vidéo 2023-07-17 à 12.21.25.mp4, destination : C:/Users/Medessi Cvi/Desktop/test\Vidéos\WhatsApp Vidéo 2023-07-17 à 12.21.25.mp4
[2025-04-26 15:21:04] [INFO] [organizer] Déplacé: WhatsApp Vidéo 2023-07-17 à 12.21.25.mp4 → Vidéos/WhatsApp Vidéo 2023-07-17 à 12.21.25.mp4
[2025-04-26 15:21:05] [INFO] [organizer] 0 doublon(s) supprimé(s) sur 18 fichiers traités.
